<?xml version="1.0" encoding="UTF-8"?>
<!-- Generated by org.testng.reporters.JUnitReportReporter -->
<testsuite hostname="ASUSVivobook" failures="0" tests="1" name="mytests.LoginPageTest" time="6.888" errors="0" timestamp="2024-10-16T17:02:01 CDT" skipped="0">
  <testcase classname="mytests.LoginPageTest" name="LogoTest" time="6.888"/>
</testsuite> <!-- mytests.LoginPageTest -->
