<?xml version="1.0" encoding="UTF-8"?>
<!-- Generated by org.testng.reporters.JUnitReportReporter -->
<testsuite hostname="DESKTOP-1I86O7O" failures="0" tests="2" name="mytests.LoginPageTest" time="5.179" errors="0" timestamp="2024-09-24T14:07:30 CDT" skipped="0">
  <testcase classname="mytests.LoginPageTest" name="loginPageTest" time="3.046"/>
  <testcase classname="mytests.LoginPageTest" name="LogoTest" time="2.133"/>
</testsuite> <!-- mytests.LoginPageTest -->
