<?xml version="1.0" encoding="UTF-8"?>
<!-- Generated by org.testng.reporters.JUnitReportReporter -->
<testsuite hostname="DESKTOP-1I86O7O" failures="0" tests="4" name="mytests.SearchCustomer" time="0.005" errors="0" timestamp="2024-09-24T14:07:30 CDT" skipped="0">
  <testcase classname="mytests.SearchCustomer" name="setUp" time="0.001"/>
  <testcase classname="mytests.SearchCustomer" name="addCustomer" time="0.000"/>
  <testcase classname="mytests.SearchCustomer" name="searchCustomer" time="0.003"/>
  <testcase classname="mytests.SearchCustomer" name="tearDown" time="0.001"/>
</testsuite> <!-- mytests.SearchCustomer -->
