<?xml version="1.0" encoding="UTF-8"?>
<!-- Generated by org.testng.reporters.JUnitReportReporter -->
<testsuite hostname="DESKTOP-1I86O7O" failures="0" tests="2" name="mytests.Class1" time="0.002" errors="0" timestamp="2024-09-24T14:07:30 CDT" skipped="0">
  <testcase classname="mytests.Class1" name="method1" time="0.001"/>
  <testcase classname="mytests.Class1" name="method2" time="0.001"/>
</testsuite> <!-- mytests.Class1 -->
